{"E:\\Project\\netflix-clone\\api\\src\\handler\\auth.js": {"path":"E:\\Project\\netflix-clone\\api\\src\\handler\\auth.js","statementMap":{"0":{"start":{"line":2,"column":12},"end":{"line":2,"column":26}},"1":{"start":{"line":3,"column":17},"end":{"line":3,"column":37}},"2":{"start":{"line":4,"column":12},"end":{"line":4,"column":35}},"3":{"start":{"line":5,"column":13},"end":{"line":5,"column":39}},"4":{"start":{"line":8,"column":17},"end":{"line":77,"column":1}},"5":{"start":{"line":10,"column":17},"end":{"line":20,"column":4}},"6":{"start":{"line":21,"column":2},"end":{"line":26,"column":3}},"7":{"start":{"line":22,"column":4},"end":{"line":25,"column":7}},"8":{"start":{"line":27,"column":2},"end":{"line":32,"column":3}},"9":{"start":{"line":28,"column":4},"end":{"line":31,"column":7}},"10":{"start":{"line":33,"column":2},"end":{"line":38,"column":3}},"11":{"start":{"line":34,"column":4},"end":{"line":37,"column":7}},"12":{"start":{"line":39,"column":2},"end":{"line":44,"column":3}},"13":{"start":{"line":40,"column":4},"end":{"line":43,"column":7}},"14":{"start":{"line":45,"column":20},"end":{"line":45,"column":45}},"15":{"start":{"line":46,"column":2},"end":{"line":51,"column":3}},"16":{"start":{"line":47,"column":4},"end":{"line":50,"column":7}},"17":{"start":{"line":52,"column":20},"end":{"line":52,"column":65}},"18":{"start":{"line":53,"column":2},"end":{"line":58,"column":3}},"19":{"start":{"line":54,"column":4},"end":{"line":57,"column":7}},"20":{"start":{"line":59,"column":18},"end":{"line":63,"column":4}},"21":{"start":{"line":64,"column":2},"end":{"line":76,"column":3}},"22":{"start":{"line":65,"column":17},"end":{"line":65,"column":37}},"23":{"start":{"line":66,"column":4},"end":{"line":71,"column":7}},"24":{"start":{"line":73,"column":4},"end":{"line":75,"column":7}},"25":{"start":{"line":80,"column":14},"end":{"line":151,"column":1}},"26":{"start":{"line":81,"column":2},"end":{"line":150,"column":3}},"27":{"start":{"line":82,"column":19},"end":{"line":91,"column":6}},"28":{"start":{"line":93,"column":4},"end":{"line":98,"column":5}},"29":{"start":{"line":94,"column":6},"end":{"line":97,"column":9}},"30":{"start":{"line":99,"column":4},"end":{"line":104,"column":5}},"31":{"start":{"line":100,"column":6},"end":{"line":103,"column":9}},"32":{"start":{"line":105,"column":4},"end":{"line":110,"column":5}},"33":{"start":{"line":106,"column":6},"end":{"line":109,"column":9}},"34":{"start":{"line":111,"column":22},"end":{"line":111,"column":47}},"35":{"start":{"line":112,"column":4},"end":{"line":117,"column":5}},"36":{"start":{"line":113,"column":6},"end":{"line":116,"column":9}},"37":{"start":{"line":118,"column":17},"end":{"line":118,"column":62}},"38":{"start":{"line":119,"column":4},"end":{"line":124,"column":5}},"39":{"start":{"line":120,"column":6},"end":{"line":123,"column":9}},"40":{"start":{"line":125,"column":30},"end":{"line":125,"column":89}},"41":{"start":{"line":126,"column":25},"end":{"line":126,"column":70}},"42":{"start":{"line":128,"column":4},"end":{"line":133,"column":5}},"43":{"start":{"line":129,"column":6},"end":{"line":132,"column":9}},"44":{"start":{"line":135,"column":24},"end":{"line":135,"column":120}},"45":{"start":{"line":137,"column":4},"end":{"line":141,"column":7}},"46":{"start":{"line":142,"column":34},"end":{"line":142,"column":43}},"47":{"start":{"line":143,"column":4},"end":{"line":147,"column":7}},"48":{"start":{"line":149,"column":4},"end":{"line":149,"column":37}},"49":{"start":{"line":153,"column":0},"end":{"line":153,"column":37}}},"fnMap":{"0":{"name":"(anonymous_0)","decl":{"start":{"line":8,"column":17},"end":{"line":8,"column":18}},"loc":{"start":{"line":8,"column":37},"end":{"line":77,"column":1}},"line":8},"1":{"name":"(anonymous_1)","decl":{"start":{"line":80,"column":14},"end":{"line":80,"column":15}},"loc":{"start":{"line":80,"column":34},"end":{"line":151,"column":1}},"line":80}},"branchMap":{"0":{"loc":{"start":{"line":21,"column":2},"end":{"line":26,"column":3}},"type":"if","locations":[{"start":{"line":21,"column":2},"end":{"line":26,"column":3}},{"start":{},"end":{}}],"line":21},"1":{"loc":{"start":{"line":21,"column":6},"end":{"line":21,"column":95}},"type":"binary-expr","locations":[{"start":{"line":21,"column":6},"end":{"line":21,"column":34}},{"start":{"line":21,"column":38},"end":{"line":21,"column":66}},{"start":{"line":21,"column":70},"end":{"line":21,"column":95}}],"line":21},"2":{"loc":{"start":{"line":27,"column":2},"end":{"line":32,"column":3}},"type":"if","locations":[{"start":{"line":27,"column":2},"end":{"line":32,"column":3}},{"start":{},"end":{}}],"line":27},"3":{"loc":{"start":{"line":33,"column":2},"end":{"line":38,"column":3}},"type":"if","locations":[{"start":{"line":33,"column":2},"end":{"line":38,"column":3}},{"start":{},"end":{}}],"line":33},"4":{"loc":{"start":{"line":39,"column":2},"end":{"line":44,"column":3}},"type":"if","locations":[{"start":{"line":39,"column":2},"end":{"line":44,"column":3}},{"start":{},"end":{}}],"line":39},"5":{"loc":{"start":{"line":46,"column":2},"end":{"line":51,"column":3}},"type":"if","locations":[{"start":{"line":46,"column":2},"end":{"line":51,"column":3}},{"start":{},"end":{}}],"line":46},"6":{"loc":{"start":{"line":53,"column":2},"end":{"line":58,"column":3}},"type":"if","locations":[{"start":{"line":53,"column":2},"end":{"line":58,"column":3}},{"start":{},"end":{}}],"line":53},"7":{"loc":{"start":{"line":93,"column":4},"end":{"line":98,"column":5}},"type":"if","locations":[{"start":{"line":93,"column":4},"end":{"line":98,"column":5}},{"start":{},"end":{}}],"line":93},"8":{"loc":{"start":{"line":93,"column":8},"end":{"line":93,"column":65}},"type":"binary-expr","locations":[{"start":{"line":93,"column":8},"end":{"line":93,"column":33}},{"start":{"line":93,"column":37},"end":{"line":93,"column":65}}],"line":93},"9":{"loc":{"start":{"line":99,"column":4},"end":{"line":104,"column":5}},"type":"if","locations":[{"start":{"line":99,"column":4},"end":{"line":104,"column":5}},{"start":{},"end":{}}],"line":99},"10":{"loc":{"start":{"line":105,"column":4},"end":{"line":110,"column":5}},"type":"if","locations":[{"start":{"line":105,"column":4},"end":{"line":110,"column":5}},{"start":{},"end":{}}],"line":105},"11":{"loc":{"start":{"line":112,"column":4},"end":{"line":117,"column":5}},"type":"if","locations":[{"start":{"line":112,"column":4},"end":{"line":117,"column":5}},{"start":{},"end":{}}],"line":112},"12":{"loc":{"start":{"line":119,"column":4},"end":{"line":124,"column":5}},"type":"if","locations":[{"start":{"line":119,"column":4},"end":{"line":124,"column":5}},{"start":{},"end":{}}],"line":119},"13":{"loc":{"start":{"line":128,"column":4},"end":{"line":133,"column":5}},"type":"if","locations":[{"start":{"line":128,"column":4},"end":{"line":133,"column":5}},{"start":{},"end":{}}],"line":128}},"s":{"0":1,"1":1,"2":1,"3":1,"4":1,"5":9,"6":9,"7":1,"8":8,"9":1,"10":7,"11":1,"12":6,"13":1,"14":5,"15":5,"16":5,"17":0,"18":0,"19":0,"20":0,"21":0,"22":0,"23":0,"24":0,"25":1,"26":6,"27":6,"28":6,"29":1,"30":5,"31":1,"32":4,"33":1,"34":3,"35":3,"36":3,"37":0,"38":0,"39":0,"40":0,"41":0,"42":0,"43":0,"44":0,"45":0,"46":0,"47":0,"48":0,"49":1},"f":{"0":9,"1":6},"b":{"0":[1,8],"1":[9,2,1],"2":[1,7],"3":[1,6],"4":[1,5],"5":[5,0],"6":[0,0],"7":[1,5],"8":[6,2],"9":[1,4],"10":[1,3],"11":[3,0],"12":[0,0],"13":[0,0]},"_coverageSchema":"1a1c01bbd47fc00a2c39e90264f33305004495a9","hash":"3d6f8c3942fe65251a11454aac0f9e74967efb6f"}
,"E:\\Project\\netflix-clone\\api\\src\\handler\\lists.js": {"path":"E:\\Project\\netflix-clone\\api\\src\\handler\\lists.js","statementMap":{"0":{"start":{"line":1,"column":12},"end":{"line":1,"column":26}},"1":{"start":{"line":2,"column":13},"end":{"line":2,"column":38}},"2":{"start":{"line":5,"column":19},"end":{"line":44,"column":1}},"3":{"start":{"line":6,"column":17},"end":{"line":10,"column":4}},"4":{"start":{"line":11,"column":2},"end":{"line":16,"column":3}},"5":{"start":{"line":12,"column":4},"end":{"line":15,"column":7}},"6":{"start":{"line":17,"column":20},"end":{"line":17,"column":45}},"7":{"start":{"line":18,"column":2},"end":{"line":23,"column":3}},"8":{"start":{"line":19,"column":4},"end":{"line":22,"column":7}},"9":{"start":{"line":24,"column":2},"end":{"line":39,"column":3}},"10":{"start":{"line":25,"column":22},"end":{"line":25,"column":40}},"11":{"start":{"line":26,"column":4},"end":{"line":38,"column":5}},"12":{"start":{"line":27,"column":21},"end":{"line":27,"column":43}},"13":{"start":{"line":28,"column":6},"end":{"line":32,"column":9}},"14":{"start":{"line":34,"column":6},"end":{"line":37,"column":9}},"15":{"start":{"line":40,"column":2},"end":{"line":43,"column":5}},"16":{"start":{"line":47,"column":16},"end":{"line":78,"column":1}},"17":{"start":{"line":48,"column":19},"end":{"line":48,"column":33}},"18":{"start":{"line":49,"column":20},"end":{"line":49,"column":35}},"19":{"start":{"line":50,"column":13},"end":{"line":50,"column":15}},"20":{"start":{"line":51,"column":2},"end":{"line":77,"column":3}},"21":{"start":{"line":52,"column":4},"end":{"line":66,"column":5}},"22":{"start":{"line":53,"column":6},"end":{"line":63,"column":7}},"23":{"start":{"line":54,"column":8},"end":{"line":57,"column":11}},"24":{"start":{"line":59,"column":8},"end":{"line":62,"column":11}},"25":{"start":{"line":65,"column":6},"end":{"line":65,"column":63}},"26":{"start":{"line":67,"column":4},"end":{"line":71,"column":7}},"27":{"start":{"line":73,"column":4},"end":{"line":76,"column":7}},"28":{"start":{"line":81,"column":19},"end":{"line":100,"column":1}},"29":{"start":{"line":82,"column":2},"end":{"line":95,"column":3}},"30":{"start":{"line":83,"column":4},"end":{"line":94,"column":5}},"31":{"start":{"line":84,"column":6},"end":{"line":84,"column":50}},"32":{"start":{"line":85,"column":6},"end":{"line":88,"column":9}},"33":{"start":{"line":90,"column":6},"end":{"line":93,"column":9}},"34":{"start":{"line":96,"column":2},"end":{"line":99,"column":5}},"35":{"start":{"line":102,"column":0},"end":{"line":102,"column":53}}},"fnMap":{"0":{"name":"(anonymous_0)","decl":{"start":{"line":5,"column":19},"end":{"line":5,"column":20}},"loc":{"start":{"line":5,"column":39},"end":{"line":44,"column":1}},"line":5},"1":{"name":"(anonymous_1)","decl":{"start":{"line":47,"column":16},"end":{"line":47,"column":17}},"loc":{"start":{"line":47,"column":36},"end":{"line":78,"column":1}},"line":47},"2":{"name":"(anonymous_2)","decl":{"start":{"line":81,"column":19},"end":{"line":81,"column":20}},"loc":{"start":{"line":81,"column":39},"end":{"line":100,"column":1}},"line":81}},"branchMap":{"0":{"loc":{"start":{"line":11,"column":2},"end":{"line":16,"column":3}},"type":"if","locations":[{"start":{"line":11,"column":2},"end":{"line":16,"column":3}},{"start":{},"end":{}}],"line":11},"1":{"loc":{"start":{"line":18,"column":2},"end":{"line":23,"column":3}},"type":"if","locations":[{"start":{"line":18,"column":2},"end":{"line":23,"column":3}},{"start":{},"end":{}}],"line":18},"2":{"loc":{"start":{"line":24,"column":2},"end":{"line":39,"column":3}},"type":"if","locations":[{"start":{"line":24,"column":2},"end":{"line":39,"column":3}},{"start":{},"end":{}}],"line":24},"3":{"loc":{"start":{"line":52,"column":4},"end":{"line":66,"column":5}},"type":"if","locations":[{"start":{"line":52,"column":4},"end":{"line":66,"column":5}},{"start":{"line":64,"column":11},"end":{"line":66,"column":5}}],"line":52},"4":{"loc":{"start":{"line":53,"column":6},"end":{"line":63,"column":7}},"type":"if","locations":[{"start":{"line":53,"column":6},"end":{"line":63,"column":7}},{"start":{"line":58,"column":13},"end":{"line":63,"column":7}}],"line":53},"5":{"loc":{"start":{"line":82,"column":2},"end":{"line":95,"column":3}},"type":"if","locations":[{"start":{"line":82,"column":2},"end":{"line":95,"column":3}},{"start":{},"end":{}}],"line":82}},"s":{"0":1,"1":1,"2":1,"3":7,"4":7,"5":1,"6":6,"7":6,"8":6,"9":0,"10":0,"11":0,"12":0,"13":0,"14":0,"15":0,"16":1,"17":0,"18":0,"19":0,"20":0,"21":0,"22":0,"23":0,"24":0,"25":0,"26":0,"27":0,"28":1,"29":0,"30":0,"31":0,"32":0,"33":0,"34":0,"35":1},"f":{"0":7,"1":0,"2":0},"b":{"0":[1,6],"1":[6,0],"2":[0,0],"3":[0,0],"4":[0,0],"5":[0,0]},"_coverageSchema":"1a1c01bbd47fc00a2c39e90264f33305004495a9","hash":"e78b3603b9d214de51b83f8f643f0dd448503350"}
,"E:\\Project\\netflix-clone\\api\\src\\handler\\movies.js": {"path":"E:\\Project\\netflix-clone\\api\\src\\handler\\movies.js","statementMap":{"0":{"start":{"line":1,"column":12},"end":{"line":1,"column":26}},"1":{"start":{"line":2,"column":14},"end":{"line":2,"column":41}},"2":{"start":{"line":5,"column":20},"end":{"line":64,"column":1}},"3":{"start":{"line":6,"column":17},"end":{"line":17,"column":4}},"4":{"start":{"line":18,"column":30},"end":{"line":18,"column":83}},"5":{"start":{"line":19,"column":2},"end":{"line":24,"column":3}},"6":{"start":{"line":20,"column":4},"end":{"line":23,"column":7}},"7":{"start":{"line":25,"column":2},"end":{"line":30,"column":3}},"8":{"start":{"line":26,"column":4},"end":{"line":29,"column":7}},"9":{"start":{"line":31,"column":2},"end":{"line":36,"column":3}},"10":{"start":{"line":32,"column":4},"end":{"line":35,"column":7}},"11":{"start":{"line":37,"column":20},"end":{"line":37,"column":45}},"12":{"start":{"line":38,"column":2},"end":{"line":43,"column":3}},"13":{"start":{"line":39,"column":4},"end":{"line":42,"column":7}},"14":{"start":{"line":44,"column":2},"end":{"line":59,"column":3}},"15":{"start":{"line":45,"column":18},"end":{"line":45,"column":37}},"16":{"start":{"line":46,"column":4},"end":{"line":58,"column":5}},"17":{"start":{"line":47,"column":21},"end":{"line":47,"column":39}},"18":{"start":{"line":48,"column":6},"end":{"line":52,"column":9}},"19":{"start":{"line":54,"column":6},"end":{"line":57,"column":9}},"20":{"start":{"line":60,"column":2},"end":{"line":63,"column":5}},"21":{"start":{"line":67,"column":20},"end":{"line":133,"column":1}},"22":{"start":{"line":68,"column":17},"end":{"line":79,"column":4}},"23":{"start":{"line":80,"column":30},"end":{"line":80,"column":83}},"24":{"start":{"line":81,"column":2},"end":{"line":86,"column":3}},"25":{"start":{"line":82,"column":4},"end":{"line":85,"column":7}},"26":{"start":{"line":87,"column":2},"end":{"line":92,"column":3}},"27":{"start":{"line":88,"column":4},"end":{"line":91,"column":7}},"28":{"start":{"line":93,"column":2},"end":{"line":98,"column":3}},"29":{"start":{"line":94,"column":4},"end":{"line":97,"column":7}},"30":{"start":{"line":99,"column":20},"end":{"line":99,"column":45}},"31":{"start":{"line":100,"column":2},"end":{"line":105,"column":3}},"32":{"start":{"line":101,"column":4},"end":{"line":104,"column":7}},"33":{"start":{"line":106,"column":2},"end":{"line":128,"column":3}},"34":{"start":{"line":107,"column":4},"end":{"line":127,"column":5}},"35":{"start":{"line":108,"column":21},"end":{"line":116,"column":7}},"36":{"start":{"line":117,"column":6},"end":{"line":121,"column":9}},"37":{"start":{"line":123,"column":6},"end":{"line":126,"column":9}},"38":{"start":{"line":129,"column":2},"end":{"line":132,"column":5}},"39":{"start":{"line":136,"column":20},"end":{"line":155,"column":1}},"40":{"start":{"line":137,"column":2},"end":{"line":150,"column":3}},"41":{"start":{"line":138,"column":4},"end":{"line":149,"column":5}},"42":{"start":{"line":139,"column":6},"end":{"line":139,"column":51}},"43":{"start":{"line":140,"column":6},"end":{"line":143,"column":9}},"44":{"start":{"line":145,"column":6},"end":{"line":148,"column":9}},"45":{"start":{"line":151,"column":2},"end":{"line":154,"column":5}},"46":{"start":{"line":158,"column":17},"end":{"line":172,"column":1}},"47":{"start":{"line":159,"column":2},"end":{"line":171,"column":3}},"48":{"start":{"line":160,"column":18},"end":{"line":160,"column":53}},"49":{"start":{"line":161,"column":4},"end":{"line":165,"column":7}},"50":{"start":{"line":167,"column":4},"end":{"line":170,"column":7}},"51":{"start":{"line":175,"column":23},"end":{"line":195,"column":1}},"52":{"start":{"line":176,"column":16},"end":{"line":176,"column":30}},"53":{"start":{"line":178,"column":2},"end":{"line":194,"column":3}},"54":{"start":{"line":179,"column":4},"end":{"line":183,"column":5}},"55":{"start":{"line":180,"column":6},"end":{"line":180,"column":98}},"56":{"start":{"line":182,"column":6},"end":{"line":182,"column":99}},"57":{"start":{"line":184,"column":4},"end":{"line":188,"column":7}},"58":{"start":{"line":190,"column":4},"end":{"line":193,"column":7}},"59":{"start":{"line":198,"column":20},"end":{"line":218,"column":1}},"60":{"start":{"line":199,"column":2},"end":{"line":213,"column":3}},"61":{"start":{"line":200,"column":4},"end":{"line":212,"column":5}},"62":{"start":{"line":201,"column":21},"end":{"line":201,"column":39}},"63":{"start":{"line":202,"column":6},"end":{"line":206,"column":9}},"64":{"start":{"line":208,"column":6},"end":{"line":211,"column":9}},"65":{"start":{"line":214,"column":2},"end":{"line":217,"column":5}},"66":{"start":{"line":220,"column":0},"end":{"line":227,"column":2}}},"fnMap":{"0":{"name":"(anonymous_0)","decl":{"start":{"line":5,"column":20},"end":{"line":5,"column":21}},"loc":{"start":{"line":5,"column":40},"end":{"line":64,"column":1}},"line":5},"1":{"name":"(anonymous_1)","decl":{"start":{"line":67,"column":20},"end":{"line":67,"column":21}},"loc":{"start":{"line":67,"column":40},"end":{"line":133,"column":1}},"line":67},"2":{"name":"(anonymous_2)","decl":{"start":{"line":136,"column":20},"end":{"line":136,"column":21}},"loc":{"start":{"line":136,"column":40},"end":{"line":155,"column":1}},"line":136},"3":{"name":"(anonymous_3)","decl":{"start":{"line":158,"column":17},"end":{"line":158,"column":18}},"loc":{"start":{"line":158,"column":37},"end":{"line":172,"column":1}},"line":158},"4":{"name":"(anonymous_4)","decl":{"start":{"line":175,"column":23},"end":{"line":175,"column":24}},"loc":{"start":{"line":175,"column":43},"end":{"line":195,"column":1}},"line":175},"5":{"name":"(anonymous_5)","decl":{"start":{"line":198,"column":20},"end":{"line":198,"column":21}},"loc":{"start":{"line":198,"column":40},"end":{"line":218,"column":1}},"line":198}},"branchMap":{"0":{"loc":{"start":{"line":18,"column":30},"end":{"line":18,"column":83}},"type":"binary-expr","locations":[{"start":{"line":18,"column":30},"end":{"line":18,"column":55}},{"start":{"line":18,"column":59},"end":{"line":18,"column":83}}],"line":18},"1":{"loc":{"start":{"line":19,"column":2},"end":{"line":24,"column":3}},"type":"if","locations":[{"start":{"line":19,"column":2},"end":{"line":24,"column":3}},{"start":{},"end":{}}],"line":19},"2":{"loc":{"start":{"line":25,"column":2},"end":{"line":30,"column":3}},"type":"if","locations":[{"start":{"line":25,"column":2},"end":{"line":30,"column":3}},{"start":{},"end":{}}],"line":25},"3":{"loc":{"start":{"line":31,"column":2},"end":{"line":36,"column":3}},"type":"if","locations":[{"start":{"line":31,"column":2},"end":{"line":36,"column":3}},{"start":{},"end":{}}],"line":31},"4":{"loc":{"start":{"line":38,"column":2},"end":{"line":43,"column":3}},"type":"if","locations":[{"start":{"line":38,"column":2},"end":{"line":43,"column":3}},{"start":{},"end":{}}],"line":38},"5":{"loc":{"start":{"line":44,"column":2},"end":{"line":59,"column":3}},"type":"if","locations":[{"start":{"line":44,"column":2},"end":{"line":59,"column":3}},{"start":{},"end":{}}],"line":44},"6":{"loc":{"start":{"line":80,"column":30},"end":{"line":80,"column":83}},"type":"binary-expr","locations":[{"start":{"line":80,"column":30},"end":{"line":80,"column":55}},{"start":{"line":80,"column":59},"end":{"line":80,"column":83}}],"line":80},"7":{"loc":{"start":{"line":81,"column":2},"end":{"line":86,"column":3}},"type":"if","locations":[{"start":{"line":81,"column":2},"end":{"line":86,"column":3}},{"start":{},"end":{}}],"line":81},"8":{"loc":{"start":{"line":87,"column":2},"end":{"line":92,"column":3}},"type":"if","locations":[{"start":{"line":87,"column":2},"end":{"line":92,"column":3}},{"start":{},"end":{}}],"line":87},"9":{"loc":{"start":{"line":93,"column":2},"end":{"line":98,"column":3}},"type":"if","locations":[{"start":{"line":93,"column":2},"end":{"line":98,"column":3}},{"start":{},"end":{}}],"line":93},"10":{"loc":{"start":{"line":100,"column":2},"end":{"line":105,"column":3}},"type":"if","locations":[{"start":{"line":100,"column":2},"end":{"line":105,"column":3}},{"start":{},"end":{}}],"line":100},"11":{"loc":{"start":{"line":106,"column":2},"end":{"line":128,"column":3}},"type":"if","locations":[{"start":{"line":106,"column":2},"end":{"line":128,"column":3}},{"start":{},"end":{}}],"line":106},"12":{"loc":{"start":{"line":137,"column":2},"end":{"line":150,"column":3}},"type":"if","locations":[{"start":{"line":137,"column":2},"end":{"line":150,"column":3}},{"start":{},"end":{}}],"line":137},"13":{"loc":{"start":{"line":179,"column":4},"end":{"line":183,"column":5}},"type":"if","locations":[{"start":{"line":179,"column":4},"end":{"line":183,"column":5}},{"start":{"line":181,"column":11},"end":{"line":183,"column":5}}],"line":179},"14":{"loc":{"start":{"line":199,"column":2},"end":{"line":213,"column":3}},"type":"if","locations":[{"start":{"line":199,"column":2},"end":{"line":213,"column":3}},{"start":{},"end":{}}],"line":199}},"s":{"0":1,"1":1,"2":1,"3":22,"4":22,"5":22,"6":1,"7":21,"8":1,"9":20,"10":1,"11":19,"12":19,"13":19,"14":0,"15":0,"16":0,"17":0,"18":0,"19":0,"20":0,"21":1,"22":22,"23":22,"24":22,"25":1,"26":21,"27":1,"28":20,"29":1,"30":19,"31":19,"32":19,"33":0,"34":0,"35":0,"36":0,"37":0,"38":0,"39":1,"40":0,"41":0,"42":0,"43":0,"44":0,"45":0,"46":1,"47":0,"48":0,"49":0,"50":0,"51":1,"52":0,"53":0,"54":0,"55":0,"56":0,"57":0,"58":0,"59":1,"60":0,"61":0,"62":0,"63":0,"64":0,"65":0,"66":1},"f":{"0":22,"1":22,"2":0,"3":0,"4":0,"5":0},"b":{"0":[22,2],"1":[1,21],"2":[1,20],"3":[1,19],"4":[19,0],"5":[0,0],"6":[22,2],"7":[1,21],"8":[1,20],"9":[1,19],"10":[19,0],"11":[0,0],"12":[0,0],"13":[0,0],"14":[0,0]},"_coverageSchema":"1a1c01bbd47fc00a2c39e90264f33305004495a9","hash":"6c2d99f94f9b34599f2a0ace604c74567e82cf0d"}
,"E:\\Project\\netflix-clone\\api\\src\\handler\\users.js": {"path":"E:\\Project\\netflix-clone\\api\\src\\handler\\users.js","statementMap":{"0":{"start":{"line":2,"column":17},"end":{"line":2,"column":37}},"1":{"start":{"line":3,"column":12},"end":{"line":3,"column":26}},"2":{"start":{"line":4,"column":13},"end":{"line":4,"column":39}},"3":{"start":{"line":7,"column":23},"end":{"line":91,"column":1}},"4":{"start":{"line":8,"column":17},"end":{"line":18,"column":4}},"5":{"start":{"line":19,"column":26},"end":{"line":19,"column":83}},"6":{"start":{"line":20,"column":2},"end":{"line":25,"column":3}},"7":{"start":{"line":21,"column":4},"end":{"line":24,"column":7}},"8":{"start":{"line":26,"column":2},"end":{"line":31,"column":3}},"9":{"start":{"line":27,"column":4},"end":{"line":30,"column":7}},"10":{"start":{"line":32,"column":2},"end":{"line":37,"column":3}},"11":{"start":{"line":33,"column":4},"end":{"line":36,"column":7}},"12":{"start":{"line":38,"column":2},"end":{"line":43,"column":3}},"13":{"start":{"line":39,"column":4},"end":{"line":42,"column":7}},"14":{"start":{"line":44,"column":2},"end":{"line":49,"column":3}},"15":{"start":{"line":45,"column":4},"end":{"line":48,"column":7}},"16":{"start":{"line":50,"column":20},"end":{"line":50,"column":45}},"17":{"start":{"line":51,"column":2},"end":{"line":56,"column":3}},"18":{"start":{"line":52,"column":4},"end":{"line":55,"column":7}},"19":{"start":{"line":57,"column":2},"end":{"line":90,"column":3}},"20":{"start":{"line":58,"column":4},"end":{"line":63,"column":5}},"21":{"start":{"line":59,"column":6},"end":{"line":62,"column":19}},"22":{"start":{"line":64,"column":4},"end":{"line":84,"column":5}},"23":{"start":{"line":65,"column":25},"end":{"line":73,"column":7}},"24":{"start":{"line":74,"column":6},"end":{"line":78,"column":9}},"25":{"start":{"line":80,"column":6},"end":{"line":83,"column":9}},"26":{"start":{"line":86,"column":4},"end":{"line":89,"column":7}},"27":{"start":{"line":94,"column":19},"end":{"line":113,"column":1}},"28":{"start":{"line":95,"column":2},"end":{"line":108,"column":3}},"29":{"start":{"line":96,"column":4},"end":{"line":107,"column":5}},"30":{"start":{"line":97,"column":6},"end":{"line":97,"column":50}},"31":{"start":{"line":98,"column":6},"end":{"line":101,"column":9}},"32":{"start":{"line":103,"column":6},"end":{"line":106,"column":9}},"33":{"start":{"line":109,"column":2},"end":{"line":112,"column":5}},"34":{"start":{"line":116,"column":20},"end":{"line":131,"column":1}},"35":{"start":{"line":117,"column":2},"end":{"line":130,"column":3}},"36":{"start":{"line":118,"column":17},"end":{"line":118,"column":51}},"37":{"start":{"line":119,"column":34},"end":{"line":119,"column":43}},"38":{"start":{"line":120,"column":4},"end":{"line":124,"column":7}},"39":{"start":{"line":126,"column":4},"end":{"line":129,"column":7}},"40":{"start":{"line":135,"column":19},"end":{"line":157,"column":1}},"41":{"start":{"line":136,"column":16},"end":{"line":136,"column":29}},"42":{"start":{"line":137,"column":2},"end":{"line":156,"column":3}},"43":{"start":{"line":138,"column":4},"end":{"line":150,"column":5}},"44":{"start":{"line":139,"column":20},"end":{"line":139,"column":92}},"45":{"start":{"line":140,"column":6},"end":{"line":144,"column":9}},"46":{"start":{"line":146,"column":6},"end":{"line":149,"column":9}},"47":{"start":{"line":152,"column":4},"end":{"line":155,"column":7}},"48":{"start":{"line":160,"column":18},"end":{"line":191,"column":1}},"49":{"start":{"line":161,"column":16},"end":{"line":161,"column":26}},"50":{"start":{"line":162,"column":15},"end":{"line":162,"column":57}},"51":{"start":{"line":163,"column":16},"end":{"line":163,"column":138}},"52":{"start":{"line":164,"column":2},"end":{"line":190,"column":3}},"53":{"start":{"line":165,"column":18},"end":{"line":165,"column":35}},"54":{"start":{"line":166,"column":23},"end":{"line":179,"column":5}},"55":{"start":{"line":168,"column":39},"end":{"line":168,"column":58}},"56":{"start":{"line":169,"column":41},"end":{"line":169,"column":60}},"57":{"start":{"line":173,"column":29},"end":{"line":173,"column":100}},"58":{"start":{"line":173,"column":49},"end":{"line":173,"column":92}},"59":{"start":{"line":174,"column":8},"end":{"line":177,"column":10}},"60":{"start":{"line":180,"column":4},"end":{"line":184,"column":7}},"61":{"start":{"line":186,"column":4},"end":{"line":189,"column":7}},"62":{"start":{"line":193,"column":0},"end":{"line":195,"column":2}}},"fnMap":{"0":{"name":"(anonymous_0)","decl":{"start":{"line":7,"column":23},"end":{"line":7,"column":24}},"loc":{"start":{"line":7,"column":43},"end":{"line":91,"column":1}},"line":7},"1":{"name":"(anonymous_1)","decl":{"start":{"line":94,"column":19},"end":{"line":94,"column":20}},"loc":{"start":{"line":94,"column":39},"end":{"line":113,"column":1}},"line":94},"2":{"name":"(anonymous_2)","decl":{"start":{"line":116,"column":20},"end":{"line":116,"column":21}},"loc":{"start":{"line":116,"column":40},"end":{"line":131,"column":1}},"line":116},"3":{"name":"(anonymous_3)","decl":{"start":{"line":135,"column":19},"end":{"line":135,"column":20}},"loc":{"start":{"line":135,"column":39},"end":{"line":157,"column":1}},"line":135},"4":{"name":"(anonymous_4)","decl":{"start":{"line":160,"column":18},"end":{"line":160,"column":19}},"loc":{"start":{"line":160,"column":38},"end":{"line":191,"column":1}},"line":160},"5":{"name":"(anonymous_5)","decl":{"start":{"line":168,"column":32},"end":{"line":168,"column":33}},"loc":{"start":{"line":168,"column":39},"end":{"line":168,"column":58}},"line":168},"6":{"name":"(anonymous_6)","decl":{"start":{"line":169,"column":34},"end":{"line":169,"column":35}},"loc":{"start":{"line":169,"column":41},"end":{"line":169,"column":60}},"line":169},"7":{"name":"(anonymous_7)","decl":{"start":{"line":171,"column":30},"end":{"line":171,"column":31}},"loc":{"start":{"line":171,"column":41},"end":{"line":178,"column":7}},"line":171},"8":{"name":"(anonymous_8)","decl":{"start":{"line":173,"column":42},"end":{"line":173,"column":43}},"loc":{"start":{"line":173,"column":49},"end":{"line":173,"column":92}},"line":173}},"branchMap":{"0":{"loc":{"start":{"line":19,"column":26},"end":{"line":19,"column":83}},"type":"binary-expr","locations":[{"start":{"line":19,"column":26},"end":{"line":19,"column":51}},{"start":{"line":19,"column":55},"end":{"line":19,"column":83}}],"line":19},"1":{"loc":{"start":{"line":20,"column":2},"end":{"line":25,"column":3}},"type":"if","locations":[{"start":{"line":20,"column":2},"end":{"line":25,"column":3}},{"start":{},"end":{}}],"line":20},"2":{"loc":{"start":{"line":20,"column":6},"end":{"line":20,"column":53}},"type":"binary-expr","locations":[{"start":{"line":20,"column":6},"end":{"line":20,"column":34}},{"start":{"line":20,"column":38},"end":{"line":20,"column":53}}],"line":20},"3":{"loc":{"start":{"line":26,"column":2},"end":{"line":31,"column":3}},"type":"if","locations":[{"start":{"line":26,"column":2},"end":{"line":31,"column":3}},{"start":{},"end":{}}],"line":26},"4":{"loc":{"start":{"line":32,"column":2},"end":{"line":37,"column":3}},"type":"if","locations":[{"start":{"line":32,"column":2},"end":{"line":37,"column":3}},{"start":{},"end":{}}],"line":32},"5":{"loc":{"start":{"line":38,"column":2},"end":{"line":43,"column":3}},"type":"if","locations":[{"start":{"line":38,"column":2},"end":{"line":43,"column":3}},{"start":{},"end":{}}],"line":38},"6":{"loc":{"start":{"line":44,"column":2},"end":{"line":49,"column":3}},"type":"if","locations":[{"start":{"line":44,"column":2},"end":{"line":49,"column":3}},{"start":{},"end":{}}],"line":44},"7":{"loc":{"start":{"line":51,"column":2},"end":{"line":56,"column":3}},"type":"if","locations":[{"start":{"line":51,"column":2},"end":{"line":56,"column":3}},{"start":{},"end":{}}],"line":51},"8":{"loc":{"start":{"line":57,"column":2},"end":{"line":90,"column":3}},"type":"if","locations":[{"start":{"line":57,"column":2},"end":{"line":90,"column":3}},{"start":{"line":85,"column":9},"end":{"line":90,"column":3}}],"line":57},"9":{"loc":{"start":{"line":57,"column":6},"end":{"line":57,"column":56}},"type":"binary-expr","locations":[{"start":{"line":57,"column":6},"end":{"line":57,"column":35}},{"start":{"line":57,"column":39},"end":{"line":57,"column":56}}],"line":57},"10":{"loc":{"start":{"line":58,"column":4},"end":{"line":63,"column":5}},"type":"if","locations":[{"start":{"line":58,"column":4},"end":{"line":63,"column":5}},{"start":{},"end":{}}],"line":58},"11":{"loc":{"start":{"line":95,"column":2},"end":{"line":108,"column":3}},"type":"if","locations":[{"start":{"line":95,"column":2},"end":{"line":108,"column":3}},{"start":{},"end":{}}],"line":95},"12":{"loc":{"start":{"line":95,"column":6},"end":{"line":95,"column":56}},"type":"binary-expr","locations":[{"start":{"line":95,"column":6},"end":{"line":95,"column":35}},{"start":{"line":95,"column":39},"end":{"line":95,"column":56}}],"line":95},"13":{"loc":{"start":{"line":137,"column":2},"end":{"line":156,"column":3}},"type":"if","locations":[{"start":{"line":137,"column":2},"end":{"line":156,"column":3}},{"start":{"line":151,"column":9},"end":{"line":156,"column":3}}],"line":137},"14":{"loc":{"start":{"line":139,"column":20},"end":{"line":139,"column":92}},"type":"cond-expr","locations":[{"start":{"line":139,"column":28},"end":{"line":139,"column":72}},{"start":{"line":139,"column":75},"end":{"line":139,"column":92}}],"line":139}},"s":{"0":1,"1":1,"2":1,"3":1,"4":10,"5":10,"6":10,"7":1,"8":9,"9":1,"10":8,"11":1,"12":7,"13":1,"14":6,"15":1,"16":5,"17":5,"18":5,"19":0,"20":0,"21":0,"22":0,"23":0,"24":0,"25":0,"26":0,"27":1,"28":0,"29":0,"30":0,"31":0,"32":0,"33":0,"34":1,"35":0,"36":0,"37":0,"38":0,"39":0,"40":1,"41":0,"42":0,"43":0,"44":0,"45":0,"46":0,"47":0,"48":1,"49":0,"50":0,"51":0,"52":0,"53":0,"54":0,"55":0,"56":0,"57":0,"58":0,"59":0,"60":0,"61":0,"62":1},"f":{"0":10,"1":0,"2":0,"3":0,"4":0,"5":0,"6":0,"7":0,"8":0},"b":{"0":[10,3],"1":[1,9],"2":[10,2],"3":[1,8],"4":[1,7],"5":[1,6],"6":[1,5],"7":[5,0],"8":[0,0],"9":[0,0],"10":[0,0],"11":[0,0],"12":[0,0],"13":[0,0],"14":[0,0]},"_coverageSchema":"1a1c01bbd47fc00a2c39e90264f33305004495a9","hash":"e68a471695c7f6b6d149b0818270b221c1ce9463"}
,"E:\\Project\\netflix-clone\\api\\src\\models\\List.js": {"path":"E:\\Project\\netflix-clone\\api\\src\\models\\List.js","statementMap":{"0":{"start":{"line":1,"column":17},"end":{"line":1,"column":36}},"1":{"start":{"line":3,"column":19},"end":{"line":11,"column":1}},"2":{"start":{"line":13,"column":0},"end":{"line":13,"column":52}}},"fnMap":{},"branchMap":{},"s":{"0":1,"1":1,"2":1},"f":{},"b":{},"_coverageSchema":"1a1c01bbd47fc00a2c39e90264f33305004495a9","hash":"39ccf32543e1ebba9cd4e2e351bb09ea2cebfd19"}
,"E:\\Project\\netflix-clone\\api\\src\\models\\Movies.js": {"path":"E:\\Project\\netflix-clone\\api\\src\\models\\Movies.js","statementMap":{"0":{"start":{"line":1,"column":17},"end":{"line":1,"column":36}},"1":{"start":{"line":3,"column":20},"end":{"line":18,"column":1}},"2":{"start":{"line":20,"column":0},"end":{"line":20,"column":54}}},"fnMap":{},"branchMap":{},"s":{"0":1,"1":1,"2":1},"f":{},"b":{},"_coverageSchema":"1a1c01bbd47fc00a2c39e90264f33305004495a9","hash":"7ba5f766130036bde7c1972f8fafd10bfc537fc6"}
,"E:\\Project\\netflix-clone\\api\\src\\models\\Users.js": {"path":"E:\\Project\\netflix-clone\\api\\src\\models\\Users.js","statementMap":{"0":{"start":{"line":1,"column":17},"end":{"line":1,"column":36}},"1":{"start":{"line":3,"column":19},"end":{"line":10,"column":24}},"2":{"start":{"line":12,"column":0},"end":{"line":12,"column":52}}},"fnMap":{},"branchMap":{},"s":{"0":2,"1":2,"2":2},"f":{},"b":{},"_coverageSchema":"1a1c01bbd47fc00a2c39e90264f33305004495a9","hash":"b31d2dfd7692dcc94261ab4ac71c342175e435f2"}
,"E:\\Project\\netflix-clone\\api\\src\\security\\bruteForce.js": {"path":"E:\\Project\\netflix-clone\\api\\src\\security\\bruteForce.js","statementMap":{"0":{"start":{"line":1,"column":17},"end":{"line":1,"column":46}},"1":{"start":{"line":3,"column":19},"end":{"line":7,"column":2}},"2":{"start":{"line":9,"column":0},"end":{"line":9,"column":28}}},"fnMap":{},"branchMap":{},"s":{"0":1,"1":1,"2":1},"f":{},"b":{},"_coverageSchema":"1a1c01bbd47fc00a2c39e90264f33305004495a9","hash":"462e4627255c65d33d79ebd7990c26dcf042a44a"}
,"E:\\Project\\netflix-clone\\api\\src\\security\\verifyToken.js": {"path":"E:\\Project\\netflix-clone\\api\\src\\security\\verifyToken.js","statementMap":{"0":{"start":{"line":1,"column":12},"end":{"line":1,"column":35}},"1":{"start":{"line":5,"column":21},"end":{"line":5,"column":38}},"2":{"start":{"line":6,"column":2},"end":{"line":16,"column":3}},"3":{"start":{"line":7,"column":18},"end":{"line":7,"column":42}},"4":{"start":{"line":9,"column":4},"end":{"line":13,"column":7}},"5":{"start":{"line":10,"column":6},"end":{"line":10,"column":59}},"6":{"start":{"line":10,"column":15},"end":{"line":10,"column":59}},"7":{"start":{"line":11,"column":6},"end":{"line":11,"column":22}},"8":{"start":{"line":12,"column":6},"end":{"line":12,"column":13}},"9":{"start":{"line":15,"column":4},"end":{"line":15,"column":62}},"10":{"start":{"line":19,"column":0},"end":{"line":19,"column":24}}},"fnMap":{"0":{"name":"verify","decl":{"start":{"line":4,"column":9},"end":{"line":4,"column":15}},"loc":{"start":{"line":4,"column":32},"end":{"line":17,"column":1}},"line":4},"1":{"name":"(anonymous_1)","decl":{"start":{"line":9,"column":46},"end":{"line":9,"column":47}},"loc":{"start":{"line":9,"column":61},"end":{"line":13,"column":5}},"line":9}},"branchMap":{"0":{"loc":{"start":{"line":6,"column":2},"end":{"line":16,"column":3}},"type":"if","locations":[{"start":{"line":6,"column":2},"end":{"line":16,"column":3}},{"start":{"line":14,"column":9},"end":{"line":16,"column":3}}],"line":6},"1":{"loc":{"start":{"line":10,"column":6},"end":{"line":10,"column":59}},"type":"if","locations":[{"start":{"line":10,"column":6},"end":{"line":10,"column":59}},{"start":{},"end":{}}],"line":10}},"s":{"0":1,"1":0,"2":0,"3":0,"4":0,"5":0,"6":0,"7":0,"8":0,"9":0,"10":1},"f":{"0":0,"1":0},"b":{"0":[0,0],"1":[0,0]},"_coverageSchema":"1a1c01bbd47fc00a2c39e90264f33305004495a9","hash":"ef5b82c2678c248c51aebc31d41a4764bb49f589"}
}
