TN:
SF:src\handler\auth.js
FN:8,(anonymous_0)
FN:80,(anonymous_1)
FNF:2
FNH:2
FNDA:9,(anonymous_0)
FNDA:6,(anonymous_1)
DA:2,1
DA:3,1
DA:4,1
DA:5,1
DA:8,1
DA:10,9
DA:21,9
DA:22,1
DA:27,8
DA:28,1
DA:33,7
DA:34,1
DA:39,6
DA:40,1
DA:45,5
DA:46,5
DA:47,5
DA:52,0
DA:53,0
DA:54,0
DA:59,0
DA:64,0
DA:65,0
DA:66,0
DA:73,0
DA:80,1
DA:81,6
DA:82,6
DA:93,6
DA:94,1
DA:99,5
DA:100,1
DA:105,4
DA:106,1
DA:111,3
DA:112,3
DA:113,3
DA:118,0
DA:119,0
DA:120,0
DA:125,0
DA:126,0
DA:128,0
DA:129,0
DA:135,0
DA:137,0
DA:142,0
DA:143,0
DA:149,0
DA:153,1
LF:50
LH:30
BRDA:21,0,0,1
BRDA:21,0,1,8
BRDA:21,1,0,9
BRDA:21,1,1,2
BRDA:21,1,2,1
BRDA:27,2,0,1
BRDA:27,2,1,7
BRDA:33,3,0,1
BRDA:33,3,1,6
BRDA:39,4,0,1
BRDA:39,4,1,5
BRDA:46,5,0,5
BRDA:46,5,1,0
BRDA:53,6,0,0
BRDA:53,6,1,0
BRDA:93,7,0,1
BRDA:93,7,1,5
BRDA:93,8,0,6
BRDA:93,8,1,2
BRDA:99,9,0,1
BRDA:99,9,1,4
BRDA:105,10,0,1
BRDA:105,10,1,3
BRDA:112,11,0,3
BRDA:112,11,1,0
BRDA:119,12,0,0
BRDA:119,12,1,0
BRDA:128,13,0,0
BRDA:128,13,1,0
BRF:29
BRH:21
end_of_record
TN:
SF:src\handler\lists.js
FN:5,(anonymous_0)
FN:47,(anonymous_1)
FN:81,(anonymous_2)
FNF:3
FNH:1
FNDA:7,(anonymous_0)
FNDA:0,(anonymous_1)
FNDA:0,(anonymous_2)
DA:1,1
DA:2,1
DA:5,1
DA:6,7
DA:11,7
DA:12,1
DA:17,6
DA:18,6
DA:19,6
DA:24,0
DA:25,0
DA:26,0
DA:27,0
DA:28,0
DA:34,0
DA:40,0
DA:47,1
DA:48,0
DA:49,0
DA:50,0
DA:51,0
DA:52,0
DA:53,0
DA:54,0
DA:59,0
DA:65,0
DA:67,0
DA:73,0
DA:81,1
DA:82,0
DA:83,0
DA:84,0
DA:85,0
DA:90,0
DA:96,0
DA:102,1
LF:36
LH:12
BRDA:11,0,0,1
BRDA:11,0,1,6
BRDA:18,1,0,6
BRDA:18,1,1,0
BRDA:24,2,0,0
BRDA:24,2,1,0
BRDA:52,3,0,0
BRDA:52,3,1,0
BRDA:53,4,0,0
BRDA:53,4,1,0
BRDA:82,5,0,0
BRDA:82,5,1,0
BRF:12
BRH:3
end_of_record
TN:
SF:src\handler\movies.js
FN:5,(anonymous_0)
FN:67,(anonymous_1)
FN:136,(anonymous_2)
FN:158,(anonymous_3)
FN:175,(anonymous_4)
FN:198,(anonymous_5)
FNF:6
FNH:2
FNDA:22,(anonymous_0)
FNDA:22,(anonymous_1)
FNDA:0,(anonymous_2)
FNDA:0,(anonymous_3)
FNDA:0,(anonymous_4)
FNDA:0,(anonymous_5)
DA:1,1
DA:2,1
DA:5,1
DA:6,22
DA:18,22
DA:19,22
DA:20,1
DA:25,21
DA:26,1
DA:31,20
DA:32,1
DA:37,19
DA:38,19
DA:39,19
DA:44,0
DA:45,0
DA:46,0
DA:47,0
DA:48,0
DA:54,0
DA:60,0
DA:67,1
DA:68,22
DA:80,22
DA:81,22
DA:82,1
DA:87,21
DA:88,1
DA:93,20
DA:94,1
DA:99,19
DA:100,19
DA:101,19
DA:106,0
DA:107,0
DA:108,0
DA:117,0
DA:123,0
DA:129,0
DA:136,1
DA:137,0
DA:138,0
DA:139,0
DA:140,0
DA:145,0
DA:151,0
DA:158,1
DA:159,0
DA:160,0
DA:161,0
DA:167,0
DA:175,1
DA:176,0
DA:178,0
DA:179,0
DA:180,0
DA:182,0
DA:184,0
DA:190,0
DA:198,1
DA:199,0
DA:200,0
DA:201,0
DA:202,0
DA:208,0
DA:214,0
DA:220,1
LF:67
LH:31
BRDA:18,0,0,22
BRDA:18,0,1,2
BRDA:19,1,0,1
BRDA:19,1,1,21
BRDA:25,2,0,1
BRDA:25,2,1,20
BRDA:31,3,0,1
BRDA:31,3,1,19
BRDA:38,4,0,19
BRDA:38,4,1,0
BRDA:44,5,0,0
BRDA:44,5,1,0
BRDA:80,6,0,22
BRDA:80,6,1,2
BRDA:81,7,0,1
BRDA:81,7,1,21
BRDA:87,8,0,1
BRDA:87,8,1,20
BRDA:93,9,0,1
BRDA:93,9,1,19
BRDA:100,10,0,19
BRDA:100,10,1,0
BRDA:106,11,0,0
BRDA:106,11,1,0
BRDA:137,12,0,0
BRDA:137,12,1,0
BRDA:179,13,0,0
BRDA:179,13,1,0
BRDA:199,14,0,0
BRDA:199,14,1,0
BRF:30
BRH:18
end_of_record
TN:
SF:src\handler\users.js
FN:7,(anonymous_0)
FN:94,(anonymous_1)
FN:116,(anonymous_2)
FN:135,(anonymous_3)
FN:160,(anonymous_4)
FN:168,(anonymous_5)
FN:169,(anonymous_6)
FN:171,(anonymous_7)
FN:173,(anonymous_8)
FNF:9
FNH:1
FNDA:10,(anonymous_0)
FNDA:0,(anonymous_1)
FNDA:0,(anonymous_2)
FNDA:0,(anonymous_3)
FNDA:0,(anonymous_4)
FNDA:0,(anonymous_5)
FNDA:0,(anonymous_6)
FNDA:0,(anonymous_7)
FNDA:0,(anonymous_8)
DA:2,1
DA:3,1
DA:4,1
DA:7,1
DA:8,10
DA:19,10
DA:20,10
DA:21,1
DA:26,9
DA:27,1
DA:32,8
DA:33,1
DA:38,7
DA:39,1
DA:44,6
DA:45,1
DA:50,5
DA:51,5
DA:52,5
DA:57,0
DA:58,0
DA:59,0
DA:64,0
DA:65,0
DA:74,0
DA:80,0
DA:86,0
DA:94,1
DA:95,0
DA:96,0
DA:97,0
DA:98,0
DA:103,0
DA:109,0
DA:116,1
DA:117,0
DA:118,0
DA:119,0
DA:120,0
DA:126,0
DA:135,1
DA:136,0
DA:137,0
DA:138,0
DA:139,0
DA:140,0
DA:146,0
DA:152,0
DA:160,1
DA:161,0
DA:162,0
DA:163,0
DA:164,0
DA:165,0
DA:166,0
DA:168,0
DA:169,0
DA:173,0
DA:174,0
DA:180,0
DA:186,0
DA:193,1
LF:62
LH:24
BRDA:19,0,0,10
BRDA:19,0,1,3
BRDA:20,1,0,1
BRDA:20,1,1,9
BRDA:20,2,0,10
BRDA:20,2,1,2
BRDA:26,3,0,1
BRDA:26,3,1,8
BRDA:32,4,0,1
BRDA:32,4,1,7
BRDA:38,5,0,1
BRDA:38,5,1,6
BRDA:44,6,0,1
BRDA:44,6,1,5
BRDA:51,7,0,5
BRDA:51,7,1,0
BRDA:57,8,0,0
BRDA:57,8,1,0
BRDA:57,9,0,0
BRDA:57,9,1,0
BRDA:58,10,0,0
BRDA:58,10,1,0
BRDA:95,11,0,0
BRDA:95,11,1,0
BRDA:95,12,0,0
BRDA:95,12,1,0
BRDA:137,13,0,0
BRDA:137,13,1,0
BRDA:139,14,0,0
BRDA:139,14,1,0
BRF:30
BRH:15
end_of_record
TN:
SF:src\models\List.js
FNF:0
FNH:0
DA:1,1
DA:3,1
DA:13,1
LF:3
LH:3
BRF:0
BRH:0
end_of_record
TN:
SF:src\models\Movies.js
FNF:0
FNH:0
DA:1,1
DA:3,1
DA:20,1
LF:3
LH:3
BRF:0
BRH:0
end_of_record
TN:
SF:src\models\Users.js
FNF:0
FNH:0
DA:1,2
DA:3,2
DA:12,2
LF:3
LH:3
BRF:0
BRH:0
end_of_record
TN:
SF:src\security\bruteForce.js
FNF:0
FNH:0
DA:1,1
DA:3,1
DA:9,1
LF:3
LH:3
BRF:0
BRH:0
end_of_record
TN:
SF:src\security\verifyToken.js
FN:4,verify
FN:9,(anonymous_1)
FNF:2
FNH:0
FNDA:0,verify
FNDA:0,(anonymous_1)
DA:1,1
DA:5,0
DA:6,0
DA:7,0
DA:9,0
DA:10,0
DA:11,0
DA:12,0
DA:15,0
DA:19,1
LF:10
LH:2
BRDA:6,0,0,0
BRDA:6,0,1,0
BRDA:10,1,0,0
BRDA:10,1,1,0
BRF:4
BRH:0
end_of_record
